19:57:00.796 [main] DEBUG com.intuit.karate.Suite - [config] classpath:karate-config.js
19:57:01.500 [pool-2-thread-1] INFO  com.intuit.karate - karate.env system property was: null 
19:57:01.710 [pool-2-thread-1] DEBUG com.intuit.karate - request:
1 > POST https://restful-booker.herokuapp.com/auth
1 > Host: restful-booker.herokuapp.com
1 > Connection: Keep-Alive
1 > User-Agent: Apache-HttpClient/4.5.14 (Java/17.0.12)
1 > Accept-Encoding: gzip,deflate


19:57:02.345 [pool-2-thread-1] DEBUG com.intuit.karate - response time in milliseconds: 633
1 < 200
1 < Content-Length: 28
1 < Content-Type: application/json; charset=utf-8
1 < Date: Wed, 11 Feb 2026 00:57:02 GMT
1 < Etag: W/"1c-J3EiwfZwVQjKTKvpvazUfTni8fI"
1 < Nel: {"report_to":"heroku-nel","response_headers":["Via"],"max_age":3600,"success_fraction":0.01,"failure_fraction":0.1}
1 < Report-To: {"group":"heroku-nel","endpoints":[{"url":"https://nel.heroku.com/reports?s=u43Y3%2FeoOJyvieHXV0KkzbSykoYnFXff8fBXu1QjHDk%3D\u0026sid=c46efe9b-d3d2-4a0c-8c76-bfafa16c5add\u0026ts=1770771422"}],"max_age":3600}
1 < Reporting-Endpoints: heroku-nel="https://nel.heroku.com/reports?s=u43Y3%2FeoOJyvieHXV0KkzbSykoYnFXff8fBXu1QjHDk%3D&sid=c46efe9b-d3d2-4a0c-8c76-bfafa16c5add&ts=1770771422"
1 < Server: Heroku
1 < Via: 1.1 heroku-router
1 < X-Powered-By: Express
{"reason":"Bad credentials"}

19:57:02.722 [pool-3-thread-1] INFO  com.intuit.karate.Suite - <<pass>> feature 1 of 1 (0 remaining) classpath:examples/auth/auth.feature
